136  INFO  c.d.driver.core.GuavaCompatibility: Detected Guava >= 19 in the classpath, using modern compatibility layer
240  INFO  c.datastax.driver.core.ClockFactory: Using native clock to generate timestamps.
304  INFO  com.datastax.driver.core.NettyUtil: Found Netty's native epoll transport in the classpath, using it
485  INFO  c.d.d.c.p.DCAwareRoundRobinPolicy: Using data-center name 'datacenter1' for DCAwareRoundRobinPolicy (if this is incorrect, please provide the correct datacenter name with DCAwareRoundRobinPolicy constructor)
486  INFO  com.datastax.driver.core.Cluster: New Cassandra host /127.0.0.1:9042 added
510  INFO  cassdemo.backend.BackendSession: Statements prepared
952  INFO  cassdemo.backend.BackendSession: ID: 0 Col1: 1013 Col2: -848
5445 INFO  cassdemo.backend.BackendSession: ID: 0 Col1: 1029 Col2: -561
9347 INFO  cassdemo.backend.BackendSession: ID: 0 Col1: 1012 Col2: -929
11536 INFO  cassdemo.backend.BackendSession: ID: 0 Col1: 1171 Col2: -1023
20468 INFO  cassdemo.backend.BackendSession: ID: 0 Col1: 1024 Col2: -492
20511 INFO  cassdemo.backend.BackendSession: ID: 0 Col1: 1021 Col2: -231
28058 INFO  cassdemo.backend.BackendSession: ID: 0 Col1: 1177 Col2: -1023
30129 INFO  cassdemo.backend.BackendSession: ID: 0 Col1: 1000 Col2: -477
30130 INFO  cassdemo.backend.BackendSession: ID: 0 Col1: 1000 Col2: -477
30130 INFO  cassdemo.backend.BackendSession: ID: 0 Col1: 1000 Col2: -477
30130 INFO  cassdemo.backend.BackendSession: ID: 0 Col1: 1000 Col2: -477
31419 INFO  cassdemo.backend.BackendSession: ID: 0 Col1: 1109 Col2: -1007
31420 INFO  cassdemo.backend.BackendSession: ID: 0 Col1: 1109 Col2: -1007
31424 INFO  cassdemo.backend.BackendSession: ID: 0 Col1: 1109 Col2: -1007
32286 INFO  cassdemo.backend.BackendSession: ID: 0 Col1: 1005 Col2: -618
32286 INFO  cassdemo.backend.BackendSession: ID: 0 Col1: 1005 Col2: -618
32286 INFO  cassdemo.backend.BackendSession: ID: 0 Col1: 1005 Col2: -618
32290 INFO  cassdemo.backend.BackendSession: ID: 0 Col1: 1005 Col2: -618
32291 INFO  cassdemo.backend.BackendSession: ID: 0 Col1: 1005 Col2: -618
32291 INFO  cassdemo.backend.BackendSession: ID: 0 Col1: 1005 Col2: -618
35748 INFO  cassdemo.backend.BackendSession: ID: 0 Col1: 1029 Col2: -641
39551 INFO  cassdemo.backend.BackendSession: ID: 0 Col1: 1020 Col2: -995
39551 INFO  cassdemo.backend.BackendSession: ID: 0 Col1: 1020 Col2: -995
39552 INFO  cassdemo.backend.BackendSession: ID: 0 Col1: 1020 Col2: -995
39553 INFO  cassdemo.backend.BackendSession: ID: 0 Col1: 1020 Col2: -995
